<?xml version="1.0" encoding="UTF-8"?>
<!-- Generated by org.testng.reporters.JUnitReportReporter -->
<testsuite hostname="DESKTOP-45HEKQS" failures="0" tests="4" name="com.saucedemo.testclasses.AddToCart" time="79.891" errors="0" timestamp="2022-10-08T12:11:21 IST" skipped="0">
  <testcase classname="com.saucedemo.testclasses.AddToCart" name="AddToCart" time="19.357"/>
  <system-out/>
  <testcase classname="com.saucedemo.testclasses.AddToCart" name="AddToCart" time="15.272"/>
  <system-out/>
  <testcase classname="com.saucedemo.testclasses.AddToCart" name="AddToCart" time="27.060"/>
  <system-out/>
  <testcase classname="com.saucedemo.testclasses.AddToCart" name="AddToCart" time="18.202"/>
  <system-out/>
</testsuite> <!-- com.saucedemo.testclasses.AddToCart -->
