<?xml version="1.0" encoding="UTF-8"?>
<!-- Generated by org.testng.reporters.JUnitReportReporter -->
<testsuite hostname="DESKTOP-45HEKQS" failures="0" tests="4" name="com.saucedemo.testclasses.VerifyAllproduct" time="123.883" errors="0" timestamp="2022-10-08T12:11:21 IST" skipped="0">
  <testcase classname="com.saucedemo.testclasses.VerifyAllproduct" name="VerifyAllproduct" time="14.582"/>
  <system-out/>
  <testcase classname="com.saucedemo.testclasses.VerifyAllproduct" name="VerifyAllproduct" time="16.571"/>
  <system-out/>
  <testcase classname="com.saucedemo.testclasses.VerifyAllproduct" name="VerifyAllproduct" time="29.594"/>
  <system-out/>
  <testcase classname="com.saucedemo.testclasses.VerifyAllproduct" name="VerifyAllproduct" time="63.136"/>
  <system-out/>
</testsuite> <!-- com.saucedemo.testclasses.VerifyAllproduct -->
