<?xml version="1.0" encoding="UTF-8"?>
<!-- Generated by org.testng.reporters.JUnitReportReporter -->
<testsuite hostname="DESKTOP-45HEKQS" failures="0" tests="2" name="com.saucedemo.testclasses.VerifyFilter" time="64.291" errors="0" timestamp="2022-10-08T12:11:21 IST" skipped="0">
  <testcase classname="com.saucedemo.testclasses.VerifyFilter" name="VerifyFilter" time="15.084"/>
  <system-out/>
  <testcase classname="com.saucedemo.testclasses.VerifyFilter" name="VerifyFilter" time="49.207"/>
  <system-out/>
</testsuite> <!-- com.saucedemo.testclasses.VerifyFilter -->
