<?xml version="1.0" encoding="UTF-8"?>
<!-- Generated by org.testng.reporters.JUnitReportReporter -->
<testsuite hostname="DESKTOP-45HEKQS" failures="0" tests="3" name="com.saucedemo.testclasses.LogoutFunctionlity" time="25.686" errors="0" timestamp="2022-10-06T11:07:34 IST" skipped="0">
  <testcase classname="com.saucedemo.testclasses.LogoutFunctionlity" name="LogoutFunctionlity" time="8.783"/>
  <system-out/>
  <testcase classname="com.saucedemo.testclasses.LogoutFunctionlity" name="LogoutFunctionlity" time="8.009"/>
  <system-out/>
  <testcase classname="com.saucedemo.testclasses.LogoutFunctionlity" name="LogoutFunctionlity" time="8.894"/>
  <system-out/>
</testsuite> <!-- com.saucedemo.testclasses.LogoutFunctionlity -->
