<?xml version="1.0" encoding="UTF-8"?>
<!-- Generated by org.testng.reporters.JUnitReportReporter -->
<testsuite hostname="DESKTOP-45HEKQS" failures="0" tests="2" name="com.saucedemo.testclasses.CheckoutFunctionlity" time="52.121" errors="0" timestamp="2022-10-08T12:11:21 IST" skipped="0">
  <testcase classname="com.saucedemo.testclasses.CheckoutFunctionlity" name="CheckoutFunctionality" time="20.632"/>
  <system-out/>
  <testcase classname="com.saucedemo.testclasses.CheckoutFunctionlity" name="CheckoutFunctionality" time="31.489"/>
  <system-out/>
</testsuite> <!-- com.saucedemo.testclasses.CheckoutFunctionlity -->
